<?xml version="1.0" encoding="UTF-8"?>
<!-- Generated by org.testng.reporters.JUnitReportReporter -->
<testsuite skipped="0" hostname="Puja_PC" name="changeWebpageText.CoronaTextChange" tests="1" failures="0" timestamp="03 Apr 2020 05:57:25 GMT" time="10.805" errors="0">
  <testcase name="openmail" time="10.805" classname="changeWebpageText.CoronaTextChange"/>
</testsuite> <!-- changeWebpageText.CoronaTextChange -->
